<?xml version="1.0" encoding="UTF-8"?>
<!-- Generated by org.testng.reporters.JUnitReportReporter -->
<testsuite skipped="0" hostname="Lonnie-Gold" name="testNG.TestAnnotations" tests="1" failures="0" timestamp="25 Nov 2019 18:30:21 GMT" time="37.801" errors="0">
  <testcase name="logIn" time="37.801" classname="testNG.TestAnnotations"/>
</testsuite> <!-- testNG.TestAnnotations -->
